<?xml version="1.0" encoding="UTF-8"?>
<!-- Generated by org.testng.reporters.JUnitXMLReporter -->
<testsuite hostname="DESKTOP-F5S8TBK" ignored="0" name="Default test" tests="3" failures="0" timestamp="2022-03-01T20:48:03 IST" time="27.698" errors="0">
  <testcase name="browserURL" time="16.943" classname="org.qa.testCases.ParallelExecutionEx1"/>
  <testcase name="browserURL" time="17.386" classname="org.qa.testCases.ParallelExecutionEx1"/>
  <testcase name="browserURL1" time="10.246" classname="org.qa.testCases.ParallelExecutionEx1"/>
</testsuite> <!-- Default test -->
