<?xml version="1.0" encoding="UTF-8"?>
<testng-results skipped="0" failed="0" ignored="0" total="2" passed="2">
  <reporter-output>
  </reporter-output>
  <suite name="Regression" duration-ms="31593" started-at="2022-03-01T20:55:15 IST" finished-at="2022-03-01T20:55:46 IST">
    <groups>
    </groups>
    <test name="BrowserOpenTest" duration-ms="31593" started-at="2022-03-01T20:55:15 IST" finished-at="2022-03-01T20:55:46 IST">
      <class name="org.qa.testCases.ParallelExecutionEx1">
        <test-method status="PASS" signature="browserURL()[pri:0, instance:org.qa.testCases.ParallelExecutionEx1@38bc8ab5]" name="browserURL" duration-ms="31537" started-at="2022-03-01T20:55:15 IST" finished-at="2022-03-01T20:55:46 IST">
          <reporter-output>
          </reporter-output>
        </test-method> <!-- browserURL -->
        <test-method status="PASS" signature="browserURL1()[pri:0, instance:org.qa.testCases.ParallelExecutionEx1@38bc8ab5]" name="browserURL1" duration-ms="24505" started-at="2022-03-01T20:55:15 IST" finished-at="2022-03-01T20:55:39 IST">
          <reporter-output>
          </reporter-output>
        </test-method> <!-- browserURL1 -->
      </class> <!-- org.qa.testCases.ParallelExecutionEx1 -->
    </test> <!-- BrowserOpenTest -->
  </suite> <!-- Regression -->
</testng-results>
